TN:
SF:src\repositories\mockCatalog.repository.ts
FN:5,create
FN:12,update
FN:15,delete
FN:18,findAll
FN:21,findOne
FNF:5
FNH:2
FNDA:1,create
FNDA:1,update
FNDA:0,delete
FNDA:0,findAll
FNDA:0,findOne
DA:1,1
DA:2,1
DA:3,1
DA:4,1
DA:5,1
DA:6,1
DA:7,1
DA:8,1
DA:9,1
DA:10,1
DA:11,1
DA:12,1
DA:13,1
DA:14,1
DA:15,1
DA:16,0
DA:17,0
DA:18,1
DA:19,0
DA:20,0
DA:21,1
DA:22,0
DA:23,0
DA:24,1
DA:25,1
LF:25
LH:19
BRDA:5,0,0,1
BRDA:12,1,0,1
BRF:2
BRH:2
end_of_record
TN:
SF:src\services\catalog.service.ts
FN:7,CatalogService
FN:11,createProduct
FN:17,updateProduct
FN:25,getProducts
FN:31,getProduct
FN:37,deleteProduct
FNF:6
FNH:6
FNDA:11,CatalogService
FNDA:3,createProduct
FNDA:2,updateProduct
FNDA:2,getProducts
FNDA:2,getProduct
FNDA:2,deleteProduct
DA:1,1
DA:2,1
DA:3,1
DA:4,1
DA:5,1
DA:6,1
DA:7,1
DA:8,11
DA:9,11
DA:10,1
DA:11,1
DA:12,3
DA:13,3
DA:14,1
DA:15,1
DA:16,1
DA:17,1
DA:18,2
DA:19,1
DA:20,2
DA:21,1
DA:22,1
DA:23,1
DA:24,1
DA:25,1
DA:26,2
DA:27,2
DA:28,1
DA:29,1
DA:30,1
DA:31,1
DA:32,2
DA:33,2
DA:34,1
DA:35,1
DA:36,1
DA:37,1
DA:38,2
DA:39,2
DA:40,1
DA:41,1
DA:42,1
DA:43,1
DA:44,1
LF:44
LH:44
BRDA:7,0,0,11
BRDA:11,1,0,3
BRDA:13,2,0,2
BRDA:13,3,0,1
BRDA:17,4,0,2
BRDA:19,5,0,1
BRDA:20,6,0,0
BRDA:21,7,0,1
BRDA:25,8,0,2
BRDA:27,9,0,1
BRDA:27,10,0,0
BRDA:28,11,0,1
BRDA:31,12,0,2
BRDA:33,13,0,1
BRDA:33,14,0,0
BRDA:34,15,0,1
BRDA:37,16,0,2
BRDA:39,17,0,1
BRDA:39,18,0,0
BRDA:40,19,0,1
BRF:20
BRH:16
end_of_record
